<?xml version="1.0" encoding="UTF-8"?>
<testsuite xmlns:xsi="http://www.w3.org/2001/XMLSchema-instance" xsi:noNamespaceSchemaLocation="https://maven.apache.org/surefire/maven-surefire-plugin/xsd/surefire-test-report-3.0.xsd" version="3.0" name="com.example.CalculatorTest$ComplexCalculations" time="0.003" tests="36" errors="0" skipped="0" failures="0">
  <properties>
    <property name="java.specification.version" value="21"/>
    <property name="sun.jnu.encoding" value="UTF-8"/>
    <property name="java.class.path" value="/home/bebas/unit-testing/java-junit/target/test-classes:/home/bebas/unit-testing/java-junit/target/classes:/home/bebas/.m2/repository/org/junit/jupiter/junit-jupiter/5.9.2/junit-jupiter-5.9.2.jar:/home/bebas/.m2/repository/org/junit/jupiter/junit-jupiter-api/5.9.2/junit-jupiter-api-5.9.2.jar:/home/bebas/.m2/repository/org/opentest4j/opentest4j/1.2.0/opentest4j-1.2.0.jar:/home/bebas/.m2/repository/org/junit/platform/junit-platform-commons/1.9.2/junit-platform-commons-1.9.2.jar:/home/bebas/.m2/repository/org/apiguardian/apiguardian-api/1.1.2/apiguardian-api-1.1.2.jar:/home/bebas/.m2/repository/org/junit/jupiter/junit-jupiter-params/5.9.2/junit-jupiter-params-5.9.2.jar:/home/bebas/.m2/repository/org/junit/jupiter/junit-jupiter-engine/5.9.2/junit-jupiter-engine-5.9.2.jar:/home/bebas/.m2/repository/org/junit/platform/junit-platform-engine/1.9.2/junit-platform-engine-1.9.2.jar:/home/bebas/.m2/repository/org/mockito/mockito-core/5.1.1/mockito-core-5.1.1.jar:/home/bebas/.m2/repository/net/bytebuddy/byte-buddy/1.12.22/byte-buddy-1.12.22.jar:/home/bebas/.m2/repository/net/bytebuddy/byte-buddy-agent/1.12.22/byte-buddy-agent-1.12.22.jar:/home/bebas/.m2/repository/org/objenesis/objenesis/3.3/objenesis-3.3.jar:/home/bebas/.m2/repository/org/mockito/mockito-junit-jupiter/5.1.1/mockito-junit-jupiter-5.1.1.jar:"/>
    <property name="java.vm.vendor" value="Ubuntu"/>
    <property name="sun.arch.data.model" value="64"/>
    <property name="java.vendor.url" value="https://ubuntu.com/"/>
    <property name="os.name" value="Linux"/>
    <property name="java.vm.specification.version" value="21"/>
    <property name="sun.java.launcher" value="SUN_STANDARD"/>
    <property name="sun.boot.library.path" value="/usr/lib/jvm/java-21-openjdk-amd64/lib"/>
    <property name="sun.java.command" value="/home/bebas/unit-testing/java-junit/target/surefire/surefirebooter-20250707111741633_3.jar /home/bebas/unit-testing/java-junit/target/surefire 2025-07-07T11-17-41_384-jvmRun1 surefire-20250707111741633_1tmp surefire_0-20250707111741633_2tmp"/>
    <property name="jdk.debug" value="release"/>
    <property name="surefire.test.class.path" value="/home/bebas/unit-testing/java-junit/target/test-classes:/home/bebas/unit-testing/java-junit/target/classes:/home/bebas/.m2/repository/org/junit/jupiter/junit-jupiter/5.9.2/junit-jupiter-5.9.2.jar:/home/bebas/.m2/repository/org/junit/jupiter/junit-jupiter-api/5.9.2/junit-jupiter-api-5.9.2.jar:/home/bebas/.m2/repository/org/opentest4j/opentest4j/1.2.0/opentest4j-1.2.0.jar:/home/bebas/.m2/repository/org/junit/platform/junit-platform-commons/1.9.2/junit-platform-commons-1.9.2.jar:/home/bebas/.m2/repository/org/apiguardian/apiguardian-api/1.1.2/apiguardian-api-1.1.2.jar:/home/bebas/.m2/repository/org/junit/jupiter/junit-jupiter-params/5.9.2/junit-jupiter-params-5.9.2.jar:/home/bebas/.m2/repository/org/junit/jupiter/junit-jupiter-engine/5.9.2/junit-jupiter-engine-5.9.2.jar:/home/bebas/.m2/repository/org/junit/platform/junit-platform-engine/1.9.2/junit-platform-engine-1.9.2.jar:/home/bebas/.m2/repository/org/mockito/mockito-core/5.1.1/mockito-core-5.1.1.jar:/home/bebas/.m2/repository/net/bytebuddy/byte-buddy/1.12.22/byte-buddy-1.12.22.jar:/home/bebas/.m2/repository/net/bytebuddy/byte-buddy-agent/1.12.22/byte-buddy-agent-1.12.22.jar:/home/bebas/.m2/repository/org/objenesis/objenesis/3.3/objenesis-3.3.jar:/home/bebas/.m2/repository/org/mockito/mockito-junit-jupiter/5.1.1/mockito-junit-jupiter-5.1.1.jar:"/>
    <property name="sun.cpu.endian" value="little"/>
    <property name="user.home" value="/home/bebas"/>
    <property name="user.language" value="en"/>
    <property name="java.specification.vendor" value="Oracle Corporation"/>
    <property name="java.version.date" value="2025-04-15"/>
    <property name="java.home" value="/usr/lib/jvm/java-21-openjdk-amd64"/>
    <property name="file.separator" value="/"/>
    <property name="basedir" value="/home/bebas/unit-testing/java-junit"/>
    <property name="java.vm.compressedOopsMode" value="32-bit"/>
    <property name="line.separator" value="&#10;"/>
    <property name="java.vm.specification.vendor" value="Oracle Corporation"/>
    <property name="java.specification.name" value="Java Platform API Specification"/>
    <property name="surefire.real.class.path" value="/home/bebas/unit-testing/java-junit/target/surefire/surefirebooter-20250707111741633_3.jar"/>
    <property name="sun.management.compiler" value="HotSpot 64-Bit Tiered Compilers"/>
    <property name="java.runtime.version" value="21.0.7+6-Ubuntu-0ubuntu122.04"/>
    <property name="user.name" value="bebas"/>
    <property name="stdout.encoding" value="UTF-8"/>
    <property name="path.separator" value=":"/>
    <property name="os.version" value="6.6.87.2-microsoft-standard-WSL2"/>
    <property name="java.runtime.name" value="OpenJDK Runtime Environment"/>
    <property name="file.encoding" value="UTF-8"/>
    <property name="java.vm.name" value="OpenJDK 64-Bit Server VM"/>
    <property name="localRepository" value="/home/bebas/.m2/repository"/>
    <property name="java.vendor.url.bug" value="https://bugs.launchpad.net/ubuntu/+source/openjdk-21"/>
    <property name="java.io.tmpdir" value="/tmp"/>
    <property name="java.version" value="21.0.7"/>
    <property name="user.dir" value="/home/bebas/unit-testing/java-junit"/>
    <property name="os.arch" value="amd64"/>
    <property name="java.vm.specification.name" value="Java Virtual Machine Specification"/>
    <property name="native.encoding" value="UTF-8"/>
    <property name="java.library.path" value="/usr/java/packages/lib:/usr/lib/x86_64-linux-gnu/jni:/lib/x86_64-linux-gnu:/usr/lib/x86_64-linux-gnu:/usr/lib/jni:/lib:/usr/lib"/>
    <property name="stderr.encoding" value="UTF-8"/>
    <property name="java.vm.info" value="mixed mode, sharing"/>
    <property name="java.vendor" value="Ubuntu"/>
    <property name="java.vm.version" value="21.0.7+6-Ubuntu-0ubuntu122.04"/>
    <property name="sun.io.unicode.encoding" value="UnicodeLittle"/>
    <property name="java.class.version" value="65.0"/>
  </properties>
  <testcase name="testPowerNegativeExponent" classname="com.example.CalculatorTest" time="0.026">
    <system-out><![CDATA[Starting Calculator tests...
]]></system-out>
  </testcase>
  <testcase name="testIsOdd(int)[1]" classname="com.example.CalculatorTest" time="0.024"/>
  <testcase name="testIsOdd(int)[2]" classname="com.example.CalculatorTest" time="0.001"/>
  <testcase name="testIsOdd(int)[3]" classname="com.example.CalculatorTest" time="0.001"/>
  <testcase name="testIsOdd(int)[4]" classname="com.example.CalculatorTest" time="0.001"/>
  <testcase name="testIsOdd(int)[5]" classname="com.example.CalculatorTest" time="0.001"/>
  <testcase name="testIsOdd(int)[6]" classname="com.example.CalculatorTest" time="0.001"/>
  <testcase name="testIsOdd(int)[7]" classname="com.example.CalculatorTest" time="0.002"/>
  <testcase name="testPower(int, int, int)[1]" classname="com.example.CalculatorTest" time="0.004"/>
  <testcase name="testPower(int, int, int)[2]" classname="com.example.CalculatorTest" time="0.001"/>
  <testcase name="testPower(int, int, int)[3]" classname="com.example.CalculatorTest" time="0.001"/>
  <testcase name="testPower(int, int, int)[4]" classname="com.example.CalculatorTest" time="0.001"/>
  <testcase name="testAverage" classname="com.example.CalculatorTest" time="0.012"/>
  <testcase name="testIsPositive(int)[1]" classname="com.example.CalculatorTest" time="0.001"/>
  <testcase name="testIsPositive(int)[2]" classname="com.example.CalculatorTest" time="0.001"/>
  <testcase name="testIsPositive(int)[3]" classname="com.example.CalculatorTest" time="0.001"/>
  <testcase name="testIsPositive(int)[4]" classname="com.example.CalculatorTest" time="0.001"/>
  <testcase name="testIsPositive(int)[5]" classname="com.example.CalculatorTest" time="0"/>
  <testcase name="testFactorial" classname="com.example.CalculatorTest" time="0.001"/>
  <testcase name="testMultiplication" classname="com.example.CalculatorTest" time="0.001"/>
  <testcase name="testAddPositiveNumbers" classname="com.example.CalculatorTest" time="0.001"/>
  <testcase name="testAddNegativeNumbers" classname="com.example.CalculatorTest" time="0.001"/>
  <testcase name="testDivisionByZero" classname="com.example.CalculatorTest" time="0.001"/>
  <testcase name="testDivision" classname="com.example.CalculatorTest" time="0.001"/>
  <testcase name="testIsEven(int)[1]" classname="com.example.CalculatorTest" time="0.001"/>
  <testcase name="testIsEven(int)[2]" classname="com.example.CalculatorTest" time="0"/>
  <testcase name="testIsEven(int)[3]" classname="com.example.CalculatorTest" time="0.001"/>
  <testcase name="testIsEven(int)[4]" classname="com.example.CalculatorTest" time="0.001"/>
  <testcase name="testIsEven(int)[5]" classname="com.example.CalculatorTest" time="0"/>
  <testcase name="testIsEven(int)[6]" classname="com.example.CalculatorTest" time="0.001"/>
  <testcase name="testIsEven(int)[7]" classname="com.example.CalculatorTest" time="0"/>
  <testcase name="testIsEven(int)[8]" classname="com.example.CalculatorTest" time="0.001"/>
  <testcase name="testAverageNullList" classname="com.example.CalculatorTest" time="0.001"/>
  <testcase name="testFactorialNegative" classname="com.example.CalculatorTest" time="0.001"/>
  <testcase name="testSubtraction" classname="com.example.CalculatorTest" time="0.001"/>
  <testcase name="testChainCalculations" classname="com.example.CalculatorTest$ComplexCalculations" time="0.002"/>
</testsuite>